Determining if the system is big endian passed with the following output:
Change Dir: /home/rob/workspace/gnuradio/level_basestation/build/CMakeFiles/CMakeTmp

Run Build Command:/usr/bin/make "cmTryCompileExec/fast"
/usr/bin/make -f CMakeFiles/cmTryCompileExec.dir/build.make CMakeFiles/cmTryCompileExec.dir/build
make[1]: Entering directory `/home/rob/workspace/gnuradio/level_basestation/build/CMakeFiles/CMakeTmp'
/usr/bin/cmake -E cmake_progress_report /home/rob/workspace/gnuradio/level_basestation/build/CMakeFiles/CMakeTmp/CMakeFiles 1
Building C object CMakeFiles/cmTryCompileExec.dir/TestEndianess.c.o
/usr/bin/gcc    -o CMakeFiles/cmTryCompileExec.dir/TestEndianess.c.o   -c /home/rob/workspace/gnuradio/level_basestation/build/CMakeFiles/CMakeTmp/TestEndianess.c
Linking C executable cmTryCompileExec
/usr/bin/cmake -E cmake_link_script CMakeFiles/cmTryCompileExec.dir/link.txt --verbose=1
/usr/bin/gcc         CMakeFiles/cmTryCompileExec.dir/TestEndianess.c.o  -o cmTryCompileExec -rdynamic 
make[1]: Leaving directory `/home/rob/workspace/gnuradio/level_basestation/build/CMakeFiles/CMakeTmp'

TestEndianess.c:
/* A 16 bit integer is required. */
typedef unsigned short cmakeint16;

/* On a little endian machine, these 16bit ints will give "THIS IS LITTLE ENDIAN."
   On a big endian machine the characters will be exchanged pairwise. */
const cmakeint16 info_little[] =  {0x4854, 0x5349, 0x4920, 0x2053, 0x494c, 0x5454, 0x454c, 0x4520, 0x444e, 0x4149, 0x2e4e, 0x0000};

/* on a big endian machine, these 16bit ints will give "THIS IS BIG ENDIAN."
   On a little endian machine the characters will be exchanged pairwise. */
const cmakeint16 info_big[] =     {0x5448, 0x4953, 0x2049, 0x5320, 0x4249, 0x4720, 0x454e, 0x4449, 0x414e, 0x2e2e, 0x0000};

#ifdef __CLASSIC_C__
int main(argc, argv) int argc; char *argv[];
#else
int main(int argc, char *argv[])
#endif
{
  int require = 0;
  require += info_little[argc];
  require += info_big[argc];
  (void)argv;
  return require;
}


Determining if the include file io.h exists failed with the following output:
Change Dir: /home/rob/workspace/gnuradio/level_basestation/build/CMakeFiles/CMakeTmp

Run Build Command:/usr/bin/make "cmTryCompileExec/fast"
/usr/bin/make -f CMakeFiles/cmTryCompileExec.dir/build.make CMakeFiles/cmTryCompileExec.dir/build
make[1]: Entering directory `/home/rob/workspace/gnuradio/level_basestation/build/CMakeFiles/CMakeTmp'
/usr/bin/cmake -E cmake_progress_report /home/rob/workspace/gnuradio/level_basestation/build/CMakeFiles/CMakeTmp/CMakeFiles 1
Building CXX object CMakeFiles/cmTryCompileExec.dir/CheckIncludeFile.cxx.o
/usr/bin/c++     -o CMakeFiles/cmTryCompileExec.dir/CheckIncludeFile.cxx.o -c /home/rob/workspace/gnuradio/level_basestation/build/CMakeFiles/CMakeTmp/CheckIncludeFile.cxx
/home/rob/workspace/gnuradio/level_basestation/build/CMakeFiles/CMakeTmp/CheckIncludeFile.cxx:1:16: fatal error: io.h: No such file or directory
compilation terminated.
make[1]: *** [CMakeFiles/cmTryCompileExec.dir/CheckIncludeFile.cxx.o] Error 1
make[1]: Leaving directory `/home/rob/workspace/gnuradio/level_basestation/build/CMakeFiles/CMakeTmp'
make: *** [cmTryCompileExec/fast] Error 2


Determining if the include file dev/ppbus/ppi.h exists failed with the following output:
Change Dir: /home/rob/workspace/gnuradio/level_basestation/build/CMakeFiles/CMakeTmp

Run Build Command:/usr/bin/make "cmTryCompileExec/fast"
/usr/bin/make -f CMakeFiles/cmTryCompileExec.dir/build.make CMakeFiles/cmTryCompileExec.dir/build
make[1]: Entering directory `/home/rob/workspace/gnuradio/level_basestation/build/CMakeFiles/CMakeTmp'
/usr/bin/cmake -E cmake_progress_report /home/rob/workspace/gnuradio/level_basestation/build/CMakeFiles/CMakeTmp/CMakeFiles 1
Building CXX object CMakeFiles/cmTryCompileExec.dir/CheckIncludeFile.cxx.o
/usr/bin/c++     -o CMakeFiles/cmTryCompileExec.dir/CheckIncludeFile.cxx.o -c /home/rob/workspace/gnuradio/level_basestation/build/CMakeFiles/CMakeTmp/CheckIncludeFile.cxx
/home/rob/workspace/gnuradio/level_basestation/build/CMakeFiles/CMakeTmp/CheckIncludeFile.cxx:1:27: fatal error: dev/ppbus/ppi.h: No such file or directory
compilation terminated.
make[1]: *** [CMakeFiles/cmTryCompileExec.dir/CheckIncludeFile.cxx.o] Error 1
make[1]: Leaving directory `/home/rob/workspace/gnuradio/level_basestation/build/CMakeFiles/CMakeTmp'
make: *** [cmTryCompileExec/fast] Error 2


Performing C++ SOURCE FILE Test HAVE_SSLEEP failed with the following output:
Change Dir: /home/rob/workspace/gnuradio/level_basestation/build/CMakeFiles/CMakeTmp

Run Build Command:/usr/bin/make "cmTryCompileExec/fast"
/usr/bin/make -f CMakeFiles/cmTryCompileExec.dir/build.make CMakeFiles/cmTryCompileExec.dir/build
make[1]: Entering directory `/home/rob/workspace/gnuradio/level_basestation/build/CMakeFiles/CMakeTmp'
/usr/bin/cmake -E cmake_progress_report /home/rob/workspace/gnuradio/level_basestation/build/CMakeFiles/CMakeTmp/CMakeFiles 1
Building CXX object CMakeFiles/cmTryCompileExec.dir/src.cxx.o
/usr/bin/c++    -DHAVE_SSLEEP   -o CMakeFiles/cmTryCompileExec.dir/src.cxx.o -c /home/rob/workspace/gnuradio/level_basestation/build/CMakeFiles/CMakeTmp/src.cxx
/home/rob/workspace/gnuradio/level_basestation/build/CMakeFiles/CMakeTmp/src.cxx:2:25: fatal error: Winbase.h: No such file or directory
compilation terminated.
make[1]: *** [CMakeFiles/cmTryCompileExec.dir/src.cxx.o] Error 1
make[1]: Leaving directory `/home/rob/workspace/gnuradio/level_basestation/build/CMakeFiles/CMakeTmp'
make: *** [cmTryCompileExec/fast] Error 2

Source file was:

    #include <Winbase.h>
    int main(){Sleep(0); return 0;}
    
Performing C++ SOURCE FILE Test HAVE_CREATEFILEMAPPING failed with the following output:
Change Dir: /home/rob/workspace/gnuradio/level_basestation/build/CMakeFiles/CMakeTmp

Run Build Command:/usr/bin/make "cmTryCompileExec/fast"
/usr/bin/make -f CMakeFiles/cmTryCompileExec.dir/build.make CMakeFiles/cmTryCompileExec.dir/build
make[1]: Entering directory `/home/rob/workspace/gnuradio/level_basestation/build/CMakeFiles/CMakeTmp'
/usr/bin/cmake -E cmake_progress_report /home/rob/workspace/gnuradio/level_basestation/build/CMakeFiles/CMakeTmp/CMakeFiles 1
Building CXX object CMakeFiles/cmTryCompileExec.dir/src.cxx.o
/usr/bin/c++    -DHAVE_CREATEFILEMAPPING   -o CMakeFiles/cmTryCompileExec.dir/src.cxx.o -c /home/rob/workspace/gnuradio/level_basestation/build/CMakeFiles/CMakeTmp/src.cxx
/home/rob/workspace/gnuradio/level_basestation/build/CMakeFiles/CMakeTmp/src.cxx:2:25: fatal error: windows.h: No such file or directory
compilation terminated.
make[1]: *** [CMakeFiles/cmTryCompileExec.dir/src.cxx.o] Error 1
make[1]: Leaving directory `/home/rob/workspace/gnuradio/level_basestation/build/CMakeFiles/CMakeTmp'
make: *** [cmTryCompileExec/fast] Error 2

Source file was:

    #include <windows.h>
    int main(){
        HANDLE handle;
        int size;
        LPCTSTR lpName;
        handle = CreateFileMapping(
                         INVALID_HANDLE_VALUE,    // use paging file
                         NULL,                    // default security
                         PAGE_READWRITE,          // read/write access
                         0,                       // max. object size
                         size,                    // buffer size
                         lpName);                 // name of mapping object
        return 0;
    } 
Determining if the include file windows.h exists failed with the following output:
Change Dir: /home/rob/workspace/gnuradio/level_basestation/build/CMakeFiles/CMakeTmp

Run Build Command:/usr/bin/make "cmTryCompileExec/fast"
/usr/bin/make -f CMakeFiles/cmTryCompileExec.dir/build.make CMakeFiles/cmTryCompileExec.dir/build
make[1]: Entering directory `/home/rob/workspace/gnuradio/level_basestation/build/CMakeFiles/CMakeTmp'
/usr/bin/cmake -E cmake_progress_report /home/rob/workspace/gnuradio/level_basestation/build/CMakeFiles/CMakeTmp/CMakeFiles 1
Building CXX object CMakeFiles/cmTryCompileExec.dir/CheckIncludeFile.cxx.o
/usr/bin/c++     -o CMakeFiles/cmTryCompileExec.dir/CheckIncludeFile.cxx.o -c /home/rob/workspace/gnuradio/level_basestation/build/CMakeFiles/CMakeTmp/CheckIncludeFile.cxx
/home/rob/workspace/gnuradio/level_basestation/build/CMakeFiles/CMakeTmp/CheckIncludeFile.cxx:1:21: fatal error: windows.h: No such file or directory
compilation terminated.
make[1]: *** [CMakeFiles/cmTryCompileExec.dir/CheckIncludeFile.cxx.o] Error 1
make[1]: Leaving directory `/home/rob/workspace/gnuradio/level_basestation/build/CMakeFiles/CMakeTmp'
make: *** [cmTryCompileExec/fast] Error 2


